[20-Aug-2025 14:27:03 Europe/Berlin] Usuário cadastrado com ID: 18
[20-Aug-2025 14:27:03 Europe/Berlin] Parceiro cadastrado com sucesso - Usuario ID: 18
[20-Aug-2025 14:28:03 Europe/Berlin] Usuário cadastrado com ID: 19
[20-Aug-2025 14:28:03 Europe/Berlin] Erro ao cadastrar salão: SQLSTATE[23000]: Integrity constraint violation: 1062 Duplicate entry '12345678901' for key 'unique_documento'
[20-Aug-2025 14:28:03 Europe/Berlin] Erro ao cadastrar salão - rollback executado
[20-Aug-2025 14:29:15 Europe/Berlin] Usuário cadastrado com ID: 20
[20-Aug-2025 14:29:15 Europe/Berlin] Parceiro cadastrado com sucesso - Usuario ID: 20
[20-Aug-2025 16:43:16 Europe/Berlin] Usuário cadastrado com ID: 21
[20-Aug-2025 16:43:16 Europe/Berlin] Erro ao cadastrar salão: SQLSTATE[42S22]: Column not found: 1054 Unknown column 'bairro' in 'field list'
[20-Aug-2025 16:43:16 Europe/Berlin] Erro ao cadastrar salão - rollback executado
[20-Aug-2025 16:43:58 Europe/Berlin] Erro ao cadastrar salão: SQLSTATE[42S22]: Column not found: 1054 Unknown column 'bairro' in 'field list'
[20-Aug-2025 16:44:09 Europe/Berlin] Erro ao cadastrar salão: SQLSTATE[42S22]: Column not found: 1054 Unknown column 'bairro' in 'field list'
[20-Aug-2025 16:45:19 Europe/Berlin] Usuário cadastrado com ID: 24
[20-Aug-2025 16:45:19 Europe/Berlin] Erro ao cadastrar salão: SQLSTATE[23000]: Integrity constraint violation: 1452 Cannot add or update a child row: a foreign key constraint fails (`u690889028_cortefacil`.`saloes`, CONSTRAINT `saloes_ibfk_1` FOREIGN KEY (`usuario_id`) REFERENCES `usuarios` (`id`) ON DELETE CASCADE)
[20-Aug-2025 16:45:19 Europe/Berlin] Erro ao cadastrar salão - rollback executado
[20-Aug-2025 16:45:28 Europe/Berlin] Erro ao cadastrar salão: SQLSTATE[23000]: Integrity constraint violation: 1452 Cannot add or update a child row: a foreign key constraint fails (`u690889028_cortefacil`.`saloes`, CONSTRAINT `saloes_ibfk_1` FOREIGN KEY (`usuario_id`) REFERENCES `usuarios` (`id`) ON DELETE CASCADE)
[20-Aug-2025 16:48:19 Europe/Berlin] Usuário cadastrado com ID: 26
[20-Aug-2025 16:48:19 Europe/Berlin] Parceiro cadastrado com sucesso - Usuario ID: 26
[20-Aug-2025 16:54:15 Europe/Berlin] Usuário cadastrado com ID: 27
[20-Aug-2025 16:54:15 Europe/Berlin] Parceiro cadastrado com sucesso - Usuario ID: 27
[20-Aug-2025 16:55:54 Europe/Berlin] Usuário cadastrado com ID: 28
[20-Aug-2025 16:55:54 Europe/Berlin] Parceiro cadastrado com sucesso - Usuario ID: 28
[20-Aug-2025 17:17:15 Europe/Berlin] [CADASTRO] Iniciando página de cadastro
[20-Aug-2025 17:17:15 Europe/Berlin] [CADASTRO] Auth carregado
[20-Aug-2025 17:17:15 Europe/Berlin] [CADASTRO] Functions carregado
[20-Aug-2025 17:17:15 Europe/Berlin] [CADASTRO] Usuario carregado
[20-Aug-2025 17:17:15 Europe/Berlin] [CADASTRO] Usuário não logado, continuando
[20-Aug-2025 17:17:15 Europe/Berlin] [CADASTRO] Tipo de usuário: cliente
[20-Aug-2025 17:17:15 Europe/Berlin] [CADASTRO] Iniciando renderização HTML
[20-Aug-2025 17:17:15 Europe/Berlin] [CADASTRO] HTML renderizado com sucesso
[20-Aug-2025 17:39:39 Europe/Berlin] [CADASTRO] Iniciando página de cadastro
[20-Aug-2025 17:39:39 Europe/Berlin] [CADASTRO] Auth carregado
[20-Aug-2025 17:39:39 Europe/Berlin] [CADASTRO] Functions carregado
[20-Aug-2025 17:39:39 Europe/Berlin] [CADASTRO] Usuario carregado
[20-Aug-2025 17:39:39 Europe/Berlin] [CADASTRO] Usuário não logado, continuando
[20-Aug-2025 17:39:39 Europe/Berlin] [CADASTRO] Tipo de usuário: cliente
[20-Aug-2025 17:39:39 Europe/Berlin] [CADASTRO] Iniciando renderização HTML
[20-Aug-2025 17:39:39 Europe/Berlin] [CADASTRO] HTML renderizado com sucesso
[20-Aug-2025 17:39:45 Europe/Berlin] [CADASTRO] Iniciando página de cadastro
[20-Aug-2025 17:39:45 Europe/Berlin] [CADASTRO] Auth carregado
[20-Aug-2025 17:39:45 Europe/Berlin] [CADASTRO] Functions carregado
[20-Aug-2025 17:39:45 Europe/Berlin] [CADASTRO] Usuario carregado
[20-Aug-2025 17:39:45 Europe/Berlin] [CADASTRO] Usuário não logado, continuando
[20-Aug-2025 17:39:45 Europe/Berlin] [CADASTRO] Tipo de usuário: cliente
[20-Aug-2025 17:39:45 Europe/Berlin] [CADASTRO] Iniciando renderização HTML
[20-Aug-2025 17:39:45 Europe/Berlin] [CADASTRO] HTML renderizado com sucesso
[20-Aug-2025 17:43:47 Europe/Berlin] [CADASTRO] Iniciando página de cadastro
[20-Aug-2025 17:43:47 Europe/Berlin] [CADASTRO] Auth carregado
[20-Aug-2025 17:43:48 Europe/Berlin] [CADASTRO] Functions carregado
[20-Aug-2025 17:43:48 Europe/Berlin] [CADASTRO] Usuario carregado
[20-Aug-2025 17:43:48 Europe/Berlin] [CADASTRO] Usuário não logado, continuando
[20-Aug-2025 17:43:48 Europe/Berlin] [CADASTRO] Tipo de usuário: cliente
[20-Aug-2025 17:43:48 Europe/Berlin] [CADASTRO] Iniciando renderização HTML
[20-Aug-2025 17:43:48 Europe/Berlin] [CADASTRO] HTML renderizado com sucesso
[20-Aug-2025 17:44:36 Europe/Berlin] Erro ao buscar usuário por email: SQLSTATE[42S22]: Column not found: 1054 Unknown column 'created_at' in 'field list'
[20-Aug-2025 17:48:38 Europe/Berlin] Erro ao cadastrar usuário: SQLSTATE[23000]: Integrity constraint violation: 1062 Duplicate entry 'teste.bindparam@email.com' for key 'email'
[20-Aug-2025 17:48:47 Europe/Berlin] Erro ao cadastrar usuário: SQLSTATE[23000]: Integrity constraint violation: 1062 Duplicate entry 'teste.bindparam@email.com' for key 'email'
[20-Aug-2025 17:58:10 Europe/Berlin] [CADASTRO] Iniciando página de cadastro
[20-Aug-2025 17:58:10 Europe/Berlin] [CADASTRO] Auth carregado
[20-Aug-2025 17:58:10 Europe/Berlin] [CADASTRO] Functions carregado
[20-Aug-2025 17:58:10 Europe/Berlin] [CADASTRO] Usuario carregado
[20-Aug-2025 17:58:10 Europe/Berlin] [CADASTRO] Usuário não logado, continuando
[20-Aug-2025 17:58:10 Europe/Berlin] [CADASTRO] Tipo de usuário: cliente
[20-Aug-2025 17:58:10 Europe/Berlin] [CADASTRO] Iniciando renderização HTML
[20-Aug-2025 17:58:10 Europe/Berlin] [CADASTRO] HTML renderizado com sucesso
[20-Aug-2025 17:58:10 Europe/Berlin] [CADASTRO] Iniciando página de cadastro
[20-Aug-2025 17:58:10 Europe/Berlin] [CADASTRO] Auth carregado
[20-Aug-2025 17:58:10 Europe/Berlin] [CADASTRO] Functions carregado
[20-Aug-2025 17:58:10 Europe/Berlin] [CADASTRO] Usuario carregado
[20-Aug-2025 17:58:10 Europe/Berlin] [CADASTRO] Usuário não logado, continuando
[20-Aug-2025 17:58:10 Europe/Berlin] [CADASTRO] Tipo de usuário: cliente
[20-Aug-2025 17:58:10 Europe/Berlin] [CADASTRO] Iniciando renderização HTML
[20-Aug-2025 17:58:10 Europe/Berlin] [CADASTRO] HTML renderizado com sucesso
